[2025-03-07 13:56:07,089][src.utils.utils][INFO] - Disabling python warnings! <cfg.extras.ignore_warnings=True>
[2025-03-07 13:56:07,089][src.utils.utils][INFO] - Enforcing tags! <cfg.extras.enforce_tags=True>
[2025-03-07 13:56:07,092][src.utils.utils][INFO] - Printing config tree with Rich! <cfg.extras.print_config=True>
[2025-03-07 13:56:07,092][src.utils.rich_utils][WARNING] - Field 'data' not found in config. Skipping 'data' config printing...
[2025-03-07 13:56:07,092][src.utils.rich_utils][WARNING] - Field 'model' not found in config. Skipping 'model' config printing...
[2025-03-07 13:56:07,092][src.utils.rich_utils][WARNING] - Field 'callbacks' not found in config. Skipping 'callbacks' config printing...
[2025-03-07 13:56:07,106][__main__][INFO] - Instantiating trainer <src.models.trainer_image.ImageTrainer>
[2025-03-07 13:56:07,107][src.utils.utils][ERROR] - 
Traceback (most recent call last):
  File "/opt/miniconda3/envs/mi3/lib/python3.10/site-packages/hydra/_internal/utils.py", line 644, in _locate
    obj = getattr(obj, part)
AttributeError: module 'src.models' has no attribute 'trainer_image'

During handling of the above exception, another exception occurred:

Traceback (most recent call last):
  File "/opt/miniconda3/envs/mi3/lib/python3.10/site-packages/hydra/_internal/utils.py", line 650, in _locate
    obj = import_module(mod)
  File "/opt/miniconda3/envs/mi3/lib/python3.10/importlib/__init__.py", line 126, in import_module
    return _bootstrap._gcd_import(name[level:], package, level)
  File "<frozen importlib._bootstrap>", line 1050, in _gcd_import
  File "<frozen importlib._bootstrap>", line 1027, in _find_and_load
  File "<frozen importlib._bootstrap>", line 1006, in _find_and_load_unlocked
  File "<frozen importlib._bootstrap>", line 688, in _load_unlocked
  File "<frozen importlib._bootstrap_external>", line 883, in exec_module
  File "<frozen importlib._bootstrap>", line 241, in _call_with_frames_removed
  File "/Users/wangzh/Desktop/ShanghaiTech/Spring_2025/ICCP2025/mitsuba3-workflow/src/models/trainer_image.py", line 9, in <module>
    from src.models.misc import MSE
ImportError: cannot import name 'MSE' from 'src.models.misc' (/Users/wangzh/Desktop/ShanghaiTech/Spring_2025/ICCP2025/mitsuba3-workflow/src/models/misc/__init__.py)

The above exception was the direct cause of the following exception:

Traceback (most recent call last):
  File "/opt/miniconda3/envs/mi3/lib/python3.10/site-packages/hydra/_internal/instantiate/_instantiate2.py", line 134, in _resolve_target
    target = _locate(target)
  File "/opt/miniconda3/envs/mi3/lib/python3.10/site-packages/hydra/_internal/utils.py", line 658, in _locate
    raise ImportError(
ImportError: Error loading 'src.models.trainer_image.ImageTrainer':
ImportError("cannot import name 'MSE' from 'src.models.misc' (/Users/wangzh/Desktop/ShanghaiTech/Spring_2025/ICCP2025/mitsuba3-workflow/src/models/misc/__init__.py)")

The above exception was the direct cause of the following exception:

Traceback (most recent call last):
  File "/Users/wangzh/Desktop/ShanghaiTech/Spring_2025/ICCP2025/mitsuba3-workflow/src/utils/utils.py", line 68, in wrap
    metric_dict, object_dict = task_func(cfg=cfg)
  File "/Users/wangzh/Desktop/ShanghaiTech/Spring_2025/ICCP2025/mitsuba3-workflow/src/train.py", line 28, in train
    trainer: MitsubaTrainer = hydra.utils.instantiate(cfg.trainer)
  File "/opt/miniconda3/envs/mi3/lib/python3.10/site-packages/hydra/_internal/instantiate/_instantiate2.py", line 226, in instantiate
    return instantiate_node(
  File "/opt/miniconda3/envs/mi3/lib/python3.10/site-packages/hydra/_internal/instantiate/_instantiate2.py", line 333, in instantiate_node
    _target_ = _resolve_target(node.get(_Keys.TARGET), full_key)
  File "/opt/miniconda3/envs/mi3/lib/python3.10/site-packages/hydra/_internal/instantiate/_instantiate2.py", line 139, in _resolve_target
    raise InstantiationException(msg) from e
hydra.errors.InstantiationException: Error locating target 'src.models.trainer_image.ImageTrainer', set env var HYDRA_FULL_ERROR=1 to see chained exception.
full_key: trainer
[2025-03-07 13:56:07,110][src.utils.utils][INFO] - Output dir: /Users/wangzh/Desktop/ShanghaiTech/Spring_2025/ICCP2025/mitsuba3-workflow/logs/fit_image_test/runs/2025-03-07_13-56-07
